ERROR - 2024-08-29 17:50:35 --> mysqli_sql_exception: Unknown column 'post.title' in 'field list' in C:\projects\template-to-codeigniter-4\system\Database\MySQLi\Connection.php:312
Stack trace:
#0 C:\projects\template-to-codeigniter-4\system\Database\MySQLi\Connection.php(312): mysqli->query('SELECT `post`.`...', 0)
#1 C:\projects\template-to-codeigniter-4\system\Database\BaseConnection.php(734): CodeIgniter\Database\MySQLi\Connection->execute('SELECT `post`.`...')
#2 C:\projects\template-to-codeigniter-4\system\Database\BaseConnection.php(648): CodeIgniter\Database\BaseConnection->simpleQuery('SELECT `post`.`...')
#3 C:\projects\template-to-codeigniter-4\system\Database\BaseBuilder.php(1644): CodeIgniter\Database\BaseConnection->query('SELECT `post`.`...', Array, false)
#4 C:\projects\template-to-codeigniter-4\system\Model.php(286): CodeIgniter\Database\BaseBuilder->get()
#5 C:\projects\template-to-codeigniter-4\system\BaseModel.php(676): CodeIgniter\Model->doFindAll(4, 0)
#6 C:\projects\template-to-codeigniter-4\app\Controllers\BannerHome.php(23): CodeIgniter\BaseModel->findAll(4)
#7 C:\projects\template-to-codeigniter-4\system\CodeIgniter.php(933): App\Controllers\BannerHome->index()
#8 C:\projects\template-to-codeigniter-4\system\CodeIgniter.php(509): CodeIgniter\CodeIgniter->runController(Object(App\Controllers\BannerHome))
#9 C:\projects\template-to-codeigniter-4\system\CodeIgniter.php(355): CodeIgniter\CodeIgniter->handleRequest(NULL, Object(Config\Cache), false)
#10 C:\projects\template-to-codeigniter-4\system\Boot.php(325): CodeIgniter\CodeIgniter->run()
#11 C:\projects\template-to-codeigniter-4\system\Boot.php(67): CodeIgniter\Boot::runCodeIgniter(Object(CodeIgniter\CodeIgniter))
#12 C:\projects\template-to-codeigniter-4\public\index.php(56): CodeIgniter\Boot::bootWeb(Object(Config\Paths))
#13 {main}
CRITICAL - 2024-08-29 17:50:35 --> CodeIgniter\Database\Exceptions\DatabaseException: Unknown column 'post.title' in 'field list'
[Method: GET, Route: banner/home]
in SYSTEMPATH\Database\BaseConnection.php on line 688.
 1 SYSTEMPATH\Database\BaseBuilder.php(1644): CodeIgniter\Database\BaseConnection->query('SELECT `post`.`title`, `post`.`description`, `post`.`image`
FROM `posts`
JOIN `users` ON `users`.`id` = `posts`.`user_id`
JOIN `categories` ON `categories`.`id` = `posts`.`category_id`
ORDER BY `id` DESC
 LIMIT 4', [], false)
 2 SYSTEMPATH\Model.php(286): CodeIgniter\Database\BaseBuilder->get()
 3 SYSTEMPATH\BaseModel.php(676): CodeIgniter\Model->doFindAll(4, 0)
 4 APPPATH\Controllers\BannerHome.php(23): CodeIgniter\BaseModel->findAll(4)
 5 SYSTEMPATH\CodeIgniter.php(933): App\Controllers\BannerHome->index()
 6 SYSTEMPATH\CodeIgniter.php(509): CodeIgniter\CodeIgniter->runController(Object(App\Controllers\BannerHome))
 7 SYSTEMPATH\CodeIgniter.php(355): CodeIgniter\CodeIgniter->handleRequest(null, Object(Config\Cache), false)
 8 SYSTEMPATH\Boot.php(325): CodeIgniter\CodeIgniter->run()
 9 SYSTEMPATH\Boot.php(67): CodeIgniter\Boot::runCodeIgniter(Object(CodeIgniter\CodeIgniter))
10 FCPATH\index.php(56): CodeIgniter\Boot::bootWeb(Object(Config\Paths))
CRITICAL - 2024-08-29 17:50:35 --> [Caused by] CodeIgniter\Database\Exceptions\DatabaseException: Unknown column 'post.title' in 'field list'
in SYSTEMPATH\Database\MySQLi\Connection.php on line 317.
 1 SYSTEMPATH\Database\BaseConnection.php(734): CodeIgniter\Database\MySQLi\Connection->execute('SELECT `post`.`title`, `post`.`description`, `post`.`image`
FROM `posts`
JOIN `users` ON `users`.`id` = `posts`.`user_id`
JOIN `categories` ON `categories`.`id` = `posts`.`category_id`
ORDER BY `id` DESC
 LIMIT 4')
 2 SYSTEMPATH\Database\BaseConnection.php(648): CodeIgniter\Database\BaseConnection->simpleQuery('SELECT `post`.`title`, `post`.`description`, `post`.`image`
FROM `posts`
JOIN `users` ON `users`.`id` = `posts`.`user_id`
JOIN `categories` ON `categories`.`id` = `posts`.`category_id`
ORDER BY `id` DESC
 LIMIT 4')
 3 SYSTEMPATH\Database\BaseBuilder.php(1644): CodeIgniter\Database\BaseConnection->query('SELECT `post`.`title`, `post`.`description`, `post`.`image`
FROM `posts`
JOIN `users` ON `users`.`id` = `posts`.`user_id`
JOIN `categories` ON `categories`.`id` = `posts`.`category_id`
ORDER BY `id` DESC
 LIMIT 4', [], false)
 4 SYSTEMPATH\Model.php(286): CodeIgniter\Database\BaseBuilder->get()
 5 SYSTEMPATH\BaseModel.php(676): CodeIgniter\Model->doFindAll(4, 0)
 6 APPPATH\Controllers\BannerHome.php(23): CodeIgniter\BaseModel->findAll(4)
 7 SYSTEMPATH\CodeIgniter.php(933): App\Controllers\BannerHome->index()
 8 SYSTEMPATH\CodeIgniter.php(509): CodeIgniter\CodeIgniter->runController(Object(App\Controllers\BannerHome))
 9 SYSTEMPATH\CodeIgniter.php(355): CodeIgniter\CodeIgniter->handleRequest(null, Object(Config\Cache), false)
10 SYSTEMPATH\Boot.php(325): CodeIgniter\CodeIgniter->run()
11 SYSTEMPATH\Boot.php(67): CodeIgniter\Boot::runCodeIgniter(Object(CodeIgniter\CodeIgniter))
12 FCPATH\index.php(56): CodeIgniter\Boot::bootWeb(Object(Config\Paths))
CRITICAL - 2024-08-29 17:50:35 --> [Caused by] mysqli_sql_exception: Unknown column 'post.title' in 'field list'
in SYSTEMPATH\Database\MySQLi\Connection.php on line 312.
 1 SYSTEMPATH\Database\MySQLi\Connection.php(312): mysqli->query('SELECT `post`.`title`, `post`.`description`, `post`.`image`
FROM `posts`
JOIN `users` ON `users`.`id` = `posts`.`user_id`
JOIN `categories` ON `categories`.`id` = `posts`.`category_id`
ORDER BY `id` DESC
 LIMIT 4', 0)
 2 SYSTEMPATH\Database\BaseConnection.php(734): CodeIgniter\Database\MySQLi\Connection->execute('SELECT `post`.`title`, `post`.`description`, `post`.`image`
FROM `posts`
JOIN `users` ON `users`.`id` = `posts`.`user_id`
JOIN `categories` ON `categories`.`id` = `posts`.`category_id`
ORDER BY `id` DESC
 LIMIT 4')
 3 SYSTEMPATH\Database\BaseConnection.php(648): CodeIgniter\Database\BaseConnection->simpleQuery('SELECT `post`.`title`, `post`.`description`, `post`.`image`
FROM `posts`
JOIN `users` ON `users`.`id` = `posts`.`user_id`
JOIN `categories` ON `categories`.`id` = `posts`.`category_id`
ORDER BY `id` DESC
 LIMIT 4')
 4 SYSTEMPATH\Database\BaseBuilder.php(1644): CodeIgniter\Database\BaseConnection->query('SELECT `post`.`title`, `post`.`description`, `post`.`image`
FROM `posts`
JOIN `users` ON `users`.`id` = `posts`.`user_id`
JOIN `categories` ON `categories`.`id` = `posts`.`category_id`
ORDER BY `id` DESC
 LIMIT 4', [], false)
 5 SYSTEMPATH\Model.php(286): CodeIgniter\Database\BaseBuilder->get()
 6 SYSTEMPATH\BaseModel.php(676): CodeIgniter\Model->doFindAll(4, 0)
 7 APPPATH\Controllers\BannerHome.php(23): CodeIgniter\BaseModel->findAll(4)
 8 SYSTEMPATH\CodeIgniter.php(933): App\Controllers\BannerHome->index()
 9 SYSTEMPATH\CodeIgniter.php(509): CodeIgniter\CodeIgniter->runController(Object(App\Controllers\BannerHome))
10 SYSTEMPATH\CodeIgniter.php(355): CodeIgniter\CodeIgniter->handleRequest(null, Object(Config\Cache), false)
11 SYSTEMPATH\Boot.php(325): CodeIgniter\CodeIgniter->run()
12 SYSTEMPATH\Boot.php(67): CodeIgniter\Boot::runCodeIgniter(Object(CodeIgniter\CodeIgniter))
13 FCPATH\index.php(56): CodeIgniter\Boot::bootWeb(Object(Config\Paths))
ERROR - 2024-08-29 17:50:55 --> mysqli_sql_exception: Column 'id' in order clause is ambiguous in C:\projects\template-to-codeigniter-4\system\Database\MySQLi\Connection.php:312
Stack trace:
#0 C:\projects\template-to-codeigniter-4\system\Database\MySQLi\Connection.php(312): mysqli->query('SELECT `posts`....', 0)
#1 C:\projects\template-to-codeigniter-4\system\Database\BaseConnection.php(734): CodeIgniter\Database\MySQLi\Connection->execute('SELECT `posts`....')
#2 C:\projects\template-to-codeigniter-4\system\Database\BaseConnection.php(648): CodeIgniter\Database\BaseConnection->simpleQuery('SELECT `posts`....')
#3 C:\projects\template-to-codeigniter-4\system\Database\BaseBuilder.php(1644): CodeIgniter\Database\BaseConnection->query('SELECT `posts`....', Array, false)
#4 C:\projects\template-to-codeigniter-4\system\Model.php(286): CodeIgniter\Database\BaseBuilder->get()
#5 C:\projects\template-to-codeigniter-4\system\BaseModel.php(676): CodeIgniter\Model->doFindAll(4, 0)
#6 C:\projects\template-to-codeigniter-4\app\Controllers\BannerHome.php(23): CodeIgniter\BaseModel->findAll(4)
#7 C:\projects\template-to-codeigniter-4\system\CodeIgniter.php(933): App\Controllers\BannerHome->index()
#8 C:\projects\template-to-codeigniter-4\system\CodeIgniter.php(509): CodeIgniter\CodeIgniter->runController(Object(App\Controllers\BannerHome))
#9 C:\projects\template-to-codeigniter-4\system\CodeIgniter.php(355): CodeIgniter\CodeIgniter->handleRequest(NULL, Object(Config\Cache), false)
#10 C:\projects\template-to-codeigniter-4\system\Boot.php(325): CodeIgniter\CodeIgniter->run()
#11 C:\projects\template-to-codeigniter-4\system\Boot.php(67): CodeIgniter\Boot::runCodeIgniter(Object(CodeIgniter\CodeIgniter))
#12 C:\projects\template-to-codeigniter-4\public\index.php(56): CodeIgniter\Boot::bootWeb(Object(Config\Paths))
#13 {main}
CRITICAL - 2024-08-29 17:50:55 --> CodeIgniter\Database\Exceptions\DatabaseException: Column 'id' in order clause is ambiguous
[Method: GET, Route: banner/home]
in SYSTEMPATH\Database\BaseConnection.php on line 688.
 1 SYSTEMPATH\Database\BaseBuilder.php(1644): CodeIgniter\Database\BaseConnection->query('SELECT `posts`.`title`, `posts`.`description`, `posts`.`image`
FROM `posts`
JOIN `users` ON `users`.`id` = `posts`.`user_id`
JOIN `categories` ON `categories`.`id` = `posts`.`category_id`
ORDER BY `id` DESC
 LIMIT 4', [], false)
 2 SYSTEMPATH\Model.php(286): CodeIgniter\Database\BaseBuilder->get()
 3 SYSTEMPATH\BaseModel.php(676): CodeIgniter\Model->doFindAll(4, 0)
 4 APPPATH\Controllers\BannerHome.php(23): CodeIgniter\BaseModel->findAll(4)
 5 SYSTEMPATH\CodeIgniter.php(933): App\Controllers\BannerHome->index()
 6 SYSTEMPATH\CodeIgniter.php(509): CodeIgniter\CodeIgniter->runController(Object(App\Controllers\BannerHome))
 7 SYSTEMPATH\CodeIgniter.php(355): CodeIgniter\CodeIgniter->handleRequest(null, Object(Config\Cache), false)
 8 SYSTEMPATH\Boot.php(325): CodeIgniter\CodeIgniter->run()
 9 SYSTEMPATH\Boot.php(67): CodeIgniter\Boot::runCodeIgniter(Object(CodeIgniter\CodeIgniter))
10 FCPATH\index.php(56): CodeIgniter\Boot::bootWeb(Object(Config\Paths))
CRITICAL - 2024-08-29 17:50:55 --> [Caused by] CodeIgniter\Database\Exceptions\DatabaseException: Column 'id' in order clause is ambiguous
in SYSTEMPATH\Database\MySQLi\Connection.php on line 317.
 1 SYSTEMPATH\Database\BaseConnection.php(734): CodeIgniter\Database\MySQLi\Connection->execute('SELECT `posts`.`title`, `posts`.`description`, `posts`.`image`
FROM `posts`
JOIN `users` ON `users`.`id` = `posts`.`user_id`
JOIN `categories` ON `categories`.`id` = `posts`.`category_id`
ORDER BY `id` DESC
 LIMIT 4')
 2 SYSTEMPATH\Database\BaseConnection.php(648): CodeIgniter\Database\BaseConnection->simpleQuery('SELECT `posts`.`title`, `posts`.`description`, `posts`.`image`
FROM `posts`
JOIN `users` ON `users`.`id` = `posts`.`user_id`
JOIN `categories` ON `categories`.`id` = `posts`.`category_id`
ORDER BY `id` DESC
 LIMIT 4')
 3 SYSTEMPATH\Database\BaseBuilder.php(1644): CodeIgniter\Database\BaseConnection->query('SELECT `posts`.`title`, `posts`.`description`, `posts`.`image`
FROM `posts`
JOIN `users` ON `users`.`id` = `posts`.`user_id`
JOIN `categories` ON `categories`.`id` = `posts`.`category_id`
ORDER BY `id` DESC
 LIMIT 4', [], false)
 4 SYSTEMPATH\Model.php(286): CodeIgniter\Database\BaseBuilder->get()
 5 SYSTEMPATH\BaseModel.php(676): CodeIgniter\Model->doFindAll(4, 0)
 6 APPPATH\Controllers\BannerHome.php(23): CodeIgniter\BaseModel->findAll(4)
 7 SYSTEMPATH\CodeIgniter.php(933): App\Controllers\BannerHome->index()
 8 SYSTEMPATH\CodeIgniter.php(509): CodeIgniter\CodeIgniter->runController(Object(App\Controllers\BannerHome))
 9 SYSTEMPATH\CodeIgniter.php(355): CodeIgniter\CodeIgniter->handleRequest(null, Object(Config\Cache), false)
10 SYSTEMPATH\Boot.php(325): CodeIgniter\CodeIgniter->run()
11 SYSTEMPATH\Boot.php(67): CodeIgniter\Boot::runCodeIgniter(Object(CodeIgniter\CodeIgniter))
12 FCPATH\index.php(56): CodeIgniter\Boot::bootWeb(Object(Config\Paths))
CRITICAL - 2024-08-29 17:50:55 --> [Caused by] mysqli_sql_exception: Column 'id' in order clause is ambiguous
in SYSTEMPATH\Database\MySQLi\Connection.php on line 312.
 1 SYSTEMPATH\Database\MySQLi\Connection.php(312): mysqli->query('SELECT `posts`.`title`, `posts`.`description`, `posts`.`image`
FROM `posts`
JOIN `users` ON `users`.`id` = `posts`.`user_id`
JOIN `categories` ON `categories`.`id` = `posts`.`category_id`
ORDER BY `id` DESC
 LIMIT 4', 0)
 2 SYSTEMPATH\Database\BaseConnection.php(734): CodeIgniter\Database\MySQLi\Connection->execute('SELECT `posts`.`title`, `posts`.`description`, `posts`.`image`
FROM `posts`
JOIN `users` ON `users`.`id` = `posts`.`user_id`
JOIN `categories` ON `categories`.`id` = `posts`.`category_id`
ORDER BY `id` DESC
 LIMIT 4')
 3 SYSTEMPATH\Database\BaseConnection.php(648): CodeIgniter\Database\BaseConnection->simpleQuery('SELECT `posts`.`title`, `posts`.`description`, `posts`.`image`
FROM `posts`
JOIN `users` ON `users`.`id` = `posts`.`user_id`
JOIN `categories` ON `categories`.`id` = `posts`.`category_id`
ORDER BY `id` DESC
 LIMIT 4')
 4 SYSTEMPATH\Database\BaseBuilder.php(1644): CodeIgniter\Database\BaseConnection->query('SELECT `posts`.`title`, `posts`.`description`, `posts`.`image`
FROM `posts`
JOIN `users` ON `users`.`id` = `posts`.`user_id`
JOIN `categories` ON `categories`.`id` = `posts`.`category_id`
ORDER BY `id` DESC
 LIMIT 4', [], false)
 5 SYSTEMPATH\Model.php(286): CodeIgniter\Database\BaseBuilder->get()
 6 SYSTEMPATH\BaseModel.php(676): CodeIgniter\Model->doFindAll(4, 0)
 7 APPPATH\Controllers\BannerHome.php(23): CodeIgniter\BaseModel->findAll(4)
 8 SYSTEMPATH\CodeIgniter.php(933): App\Controllers\BannerHome->index()
 9 SYSTEMPATH\CodeIgniter.php(509): CodeIgniter\CodeIgniter->runController(Object(App\Controllers\BannerHome))
10 SYSTEMPATH\CodeIgniter.php(355): CodeIgniter\CodeIgniter->handleRequest(null, Object(Config\Cache), false)
11 SYSTEMPATH\Boot.php(325): CodeIgniter\CodeIgniter->run()
12 SYSTEMPATH\Boot.php(67): CodeIgniter\Boot::runCodeIgniter(Object(CodeIgniter\CodeIgniter))
13 FCPATH\index.php(56): CodeIgniter\Boot::bootWeb(Object(Config\Paths))
ERROR - 2024-08-29 17:51:05 --> mysqli_sql_exception: Column 'id' in order clause is ambiguous in C:\projects\template-to-codeigniter-4\system\Database\MySQLi\Connection.php:312
Stack trace:
#0 C:\projects\template-to-codeigniter-4\system\Database\MySQLi\Connection.php(312): mysqli->query('SELECT `posts`....', 0)
#1 C:\projects\template-to-codeigniter-4\system\Database\BaseConnection.php(734): CodeIgniter\Database\MySQLi\Connection->execute('SELECT `posts`....')
#2 C:\projects\template-to-codeigniter-4\system\Database\BaseConnection.php(648): CodeIgniter\Database\BaseConnection->simpleQuery('SELECT `posts`....')
#3 C:\projects\template-to-codeigniter-4\system\Database\BaseBuilder.php(1644): CodeIgniter\Database\BaseConnection->query('SELECT `posts`....', Array, false)
#4 C:\projects\template-to-codeigniter-4\system\Model.php(286): CodeIgniter\Database\BaseBuilder->get()
#5 C:\projects\template-to-codeigniter-4\system\BaseModel.php(676): CodeIgniter\Model->doFindAll(4, 0)
#6 C:\projects\template-to-codeigniter-4\app\Controllers\BannerHome.php(23): CodeIgniter\BaseModel->findAll(4)
#7 C:\projects\template-to-codeigniter-4\system\CodeIgniter.php(933): App\Controllers\BannerHome->index()
#8 C:\projects\template-to-codeigniter-4\system\CodeIgniter.php(509): CodeIgniter\CodeIgniter->runController(Object(App\Controllers\BannerHome))
#9 C:\projects\template-to-codeigniter-4\system\CodeIgniter.php(355): CodeIgniter\CodeIgniter->handleRequest(NULL, Object(Config\Cache), false)
#10 C:\projects\template-to-codeigniter-4\system\Boot.php(325): CodeIgniter\CodeIgniter->run()
#11 C:\projects\template-to-codeigniter-4\system\Boot.php(67): CodeIgniter\Boot::runCodeIgniter(Object(CodeIgniter\CodeIgniter))
#12 C:\projects\template-to-codeigniter-4\public\index.php(56): CodeIgniter\Boot::bootWeb(Object(Config\Paths))
#13 {main}
CRITICAL - 2024-08-29 17:51:05 --> CodeIgniter\Database\Exceptions\DatabaseException: Column 'id' in order clause is ambiguous
[Method: GET, Route: banner/home]
in SYSTEMPATH\Database\BaseConnection.php on line 688.
 1 SYSTEMPATH\Database\BaseBuilder.php(1644): CodeIgniter\Database\BaseConnection->query('SELECT `posts`.`title`, `posts`.`description`, `posts`.`image`
FROM `posts`
JOIN `users` ON `users`.`id` = `posts`.`user_id`
JOIN `categories` ON `categories`.`id` = `posts`.`category_id`
ORDER BY `id` DESC
 LIMIT 4', [], false)
 2 SYSTEMPATH\Model.php(286): CodeIgniter\Database\BaseBuilder->get()
 3 SYSTEMPATH\BaseModel.php(676): CodeIgniter\Model->doFindAll(4, 0)
 4 APPPATH\Controllers\BannerHome.php(23): CodeIgniter\BaseModel->findAll(4)
 5 SYSTEMPATH\CodeIgniter.php(933): App\Controllers\BannerHome->index()
 6 SYSTEMPATH\CodeIgniter.php(509): CodeIgniter\CodeIgniter->runController(Object(App\Controllers\BannerHome))
 7 SYSTEMPATH\CodeIgniter.php(355): CodeIgniter\CodeIgniter->handleRequest(null, Object(Config\Cache), false)
 8 SYSTEMPATH\Boot.php(325): CodeIgniter\CodeIgniter->run()
 9 SYSTEMPATH\Boot.php(67): CodeIgniter\Boot::runCodeIgniter(Object(CodeIgniter\CodeIgniter))
10 FCPATH\index.php(56): CodeIgniter\Boot::bootWeb(Object(Config\Paths))
CRITICAL - 2024-08-29 17:51:05 --> [Caused by] CodeIgniter\Database\Exceptions\DatabaseException: Column 'id' in order clause is ambiguous
in SYSTEMPATH\Database\MySQLi\Connection.php on line 317.
 1 SYSTEMPATH\Database\BaseConnection.php(734): CodeIgniter\Database\MySQLi\Connection->execute('SELECT `posts`.`title`, `posts`.`description`, `posts`.`image`
FROM `posts`
JOIN `users` ON `users`.`id` = `posts`.`user_id`
JOIN `categories` ON `categories`.`id` = `posts`.`category_id`
ORDER BY `id` DESC
 LIMIT 4')
 2 SYSTEMPATH\Database\BaseConnection.php(648): CodeIgniter\Database\BaseConnection->simpleQuery('SELECT `posts`.`title`, `posts`.`description`, `posts`.`image`
FROM `posts`
JOIN `users` ON `users`.`id` = `posts`.`user_id`
JOIN `categories` ON `categories`.`id` = `posts`.`category_id`
ORDER BY `id` DESC
 LIMIT 4')
 3 SYSTEMPATH\Database\BaseBuilder.php(1644): CodeIgniter\Database\BaseConnection->query('SELECT `posts`.`title`, `posts`.`description`, `posts`.`image`
FROM `posts`
JOIN `users` ON `users`.`id` = `posts`.`user_id`
JOIN `categories` ON `categories`.`id` = `posts`.`category_id`
ORDER BY `id` DESC
 LIMIT 4', [], false)
 4 SYSTEMPATH\Model.php(286): CodeIgniter\Database\BaseBuilder->get()
 5 SYSTEMPATH\BaseModel.php(676): CodeIgniter\Model->doFindAll(4, 0)
 6 APPPATH\Controllers\BannerHome.php(23): CodeIgniter\BaseModel->findAll(4)
 7 SYSTEMPATH\CodeIgniter.php(933): App\Controllers\BannerHome->index()
 8 SYSTEMPATH\CodeIgniter.php(509): CodeIgniter\CodeIgniter->runController(Object(App\Controllers\BannerHome))
 9 SYSTEMPATH\CodeIgniter.php(355): CodeIgniter\CodeIgniter->handleRequest(null, Object(Config\Cache), false)
10 SYSTEMPATH\Boot.php(325): CodeIgniter\CodeIgniter->run()
11 SYSTEMPATH\Boot.php(67): CodeIgniter\Boot::runCodeIgniter(Object(CodeIgniter\CodeIgniter))
12 FCPATH\index.php(56): CodeIgniter\Boot::bootWeb(Object(Config\Paths))
CRITICAL - 2024-08-29 17:51:05 --> [Caused by] mysqli_sql_exception: Column 'id' in order clause is ambiguous
in SYSTEMPATH\Database\MySQLi\Connection.php on line 312.
 1 SYSTEMPATH\Database\MySQLi\Connection.php(312): mysqli->query('SELECT `posts`.`title`, `posts`.`description`, `posts`.`image`
FROM `posts`
JOIN `users` ON `users`.`id` = `posts`.`user_id`
JOIN `categories` ON `categories`.`id` = `posts`.`category_id`
ORDER BY `id` DESC
 LIMIT 4', 0)
 2 SYSTEMPATH\Database\BaseConnection.php(734): CodeIgniter\Database\MySQLi\Connection->execute('SELECT `posts`.`title`, `posts`.`description`, `posts`.`image`
FROM `posts`
JOIN `users` ON `users`.`id` = `posts`.`user_id`
JOIN `categories` ON `categories`.`id` = `posts`.`category_id`
ORDER BY `id` DESC
 LIMIT 4')
 3 SYSTEMPATH\Database\BaseConnection.php(648): CodeIgniter\Database\BaseConnection->simpleQuery('SELECT `posts`.`title`, `posts`.`description`, `posts`.`image`
FROM `posts`
JOIN `users` ON `users`.`id` = `posts`.`user_id`
JOIN `categories` ON `categories`.`id` = `posts`.`category_id`
ORDER BY `id` DESC
 LIMIT 4')
 4 SYSTEMPATH\Database\BaseBuilder.php(1644): CodeIgniter\Database\BaseConnection->query('SELECT `posts`.`title`, `posts`.`description`, `posts`.`image`
FROM `posts`
JOIN `users` ON `users`.`id` = `posts`.`user_id`
JOIN `categories` ON `categories`.`id` = `posts`.`category_id`
ORDER BY `id` DESC
 LIMIT 4', [], false)
 5 SYSTEMPATH\Model.php(286): CodeIgniter\Database\BaseBuilder->get()
 6 SYSTEMPATH\BaseModel.php(676): CodeIgniter\Model->doFindAll(4, 0)
 7 APPPATH\Controllers\BannerHome.php(23): CodeIgniter\BaseModel->findAll(4)
 8 SYSTEMPATH\CodeIgniter.php(933): App\Controllers\BannerHome->index()
 9 SYSTEMPATH\CodeIgniter.php(509): CodeIgniter\CodeIgniter->runController(Object(App\Controllers\BannerHome))
10 SYSTEMPATH\CodeIgniter.php(355): CodeIgniter\CodeIgniter->handleRequest(null, Object(Config\Cache), false)
11 SYSTEMPATH\Boot.php(325): CodeIgniter\CodeIgniter->run()
12 SYSTEMPATH\Boot.php(67): CodeIgniter\Boot::runCodeIgniter(Object(CodeIgniter\CodeIgniter))
13 FCPATH\index.php(56): CodeIgniter\Boot::bootWeb(Object(Config\Paths))
ERROR - 2024-08-29 17:52:07 --> mysqli_sql_exception: Column 'id' in order clause is ambiguous in C:\projects\template-to-codeigniter-4\system\Database\MySQLi\Connection.php:312
Stack trace:
#0 C:\projects\template-to-codeigniter-4\system\Database\MySQLi\Connection.php(312): mysqli->query('SELECT `posts`....', 0)
#1 C:\projects\template-to-codeigniter-4\system\Database\BaseConnection.php(734): CodeIgniter\Database\MySQLi\Connection->execute('SELECT `posts`....')
#2 C:\projects\template-to-codeigniter-4\system\Database\BaseConnection.php(648): CodeIgniter\Database\BaseConnection->simpleQuery('SELECT `posts`....')
#3 C:\projects\template-to-codeigniter-4\system\Database\BaseBuilder.php(1644): CodeIgniter\Database\BaseConnection->query('SELECT `posts`....', Array, false)
#4 C:\projects\template-to-codeigniter-4\system\Model.php(286): CodeIgniter\Database\BaseBuilder->get()
#5 C:\projects\template-to-codeigniter-4\system\BaseModel.php(676): CodeIgniter\Model->doFindAll(4, 0)
#6 C:\projects\template-to-codeigniter-4\app\Controllers\BannerHome.php(23): CodeIgniter\BaseModel->findAll(4)
#7 C:\projects\template-to-codeigniter-4\system\CodeIgniter.php(933): App\Controllers\BannerHome->index()
#8 C:\projects\template-to-codeigniter-4\system\CodeIgniter.php(509): CodeIgniter\CodeIgniter->runController(Object(App\Controllers\BannerHome))
#9 C:\projects\template-to-codeigniter-4\system\CodeIgniter.php(355): CodeIgniter\CodeIgniter->handleRequest(NULL, Object(Config\Cache), false)
#10 C:\projects\template-to-codeigniter-4\system\Boot.php(325): CodeIgniter\CodeIgniter->run()
#11 C:\projects\template-to-codeigniter-4\system\Boot.php(67): CodeIgniter\Boot::runCodeIgniter(Object(CodeIgniter\CodeIgniter))
#12 C:\projects\template-to-codeigniter-4\public\index.php(56): CodeIgniter\Boot::bootWeb(Object(Config\Paths))
#13 {main}
CRITICAL - 2024-08-29 17:52:07 --> CodeIgniter\Database\Exceptions\DatabaseException: Column 'id' in order clause is ambiguous
[Method: GET, Route: banner/home]
in SYSTEMPATH\Database\BaseConnection.php on line 688.
 1 SYSTEMPATH\Database\BaseBuilder.php(1644): CodeIgniter\Database\BaseConnection->query('SELECT `posts`.`title`, `posts`.`description`, `posts`.`image`
FROM `posts`
JOIN `users` ON `users`.`id` = `posts`.`user_id`
JOIN `categories` ON `categories`.`id` = `posts`.`category_id`
ORDER BY `id` DESC
 LIMIT 4', [], false)
 2 SYSTEMPATH\Model.php(286): CodeIgniter\Database\BaseBuilder->get()
 3 SYSTEMPATH\BaseModel.php(676): CodeIgniter\Model->doFindAll(4, 0)
 4 APPPATH\Controllers\BannerHome.php(23): CodeIgniter\BaseModel->findAll(4)
 5 SYSTEMPATH\CodeIgniter.php(933): App\Controllers\BannerHome->index()
 6 SYSTEMPATH\CodeIgniter.php(509): CodeIgniter\CodeIgniter->runController(Object(App\Controllers\BannerHome))
 7 SYSTEMPATH\CodeIgniter.php(355): CodeIgniter\CodeIgniter->handleRequest(null, Object(Config\Cache), false)
 8 SYSTEMPATH\Boot.php(325): CodeIgniter\CodeIgniter->run()
 9 SYSTEMPATH\Boot.php(67): CodeIgniter\Boot::runCodeIgniter(Object(CodeIgniter\CodeIgniter))
10 FCPATH\index.php(56): CodeIgniter\Boot::bootWeb(Object(Config\Paths))
CRITICAL - 2024-08-29 17:52:07 --> [Caused by] CodeIgniter\Database\Exceptions\DatabaseException: Column 'id' in order clause is ambiguous
in SYSTEMPATH\Database\MySQLi\Connection.php on line 317.
 1 SYSTEMPATH\Database\BaseConnection.php(734): CodeIgniter\Database\MySQLi\Connection->execute('SELECT `posts`.`title`, `posts`.`description`, `posts`.`image`
FROM `posts`
JOIN `users` ON `users`.`id` = `posts`.`user_id`
JOIN `categories` ON `categories`.`id` = `posts`.`category_id`
ORDER BY `id` DESC
 LIMIT 4')
 2 SYSTEMPATH\Database\BaseConnection.php(648): CodeIgniter\Database\BaseConnection->simpleQuery('SELECT `posts`.`title`, `posts`.`description`, `posts`.`image`
FROM `posts`
JOIN `users` ON `users`.`id` = `posts`.`user_id`
JOIN `categories` ON `categories`.`id` = `posts`.`category_id`
ORDER BY `id` DESC
 LIMIT 4')
 3 SYSTEMPATH\Database\BaseBuilder.php(1644): CodeIgniter\Database\BaseConnection->query('SELECT `posts`.`title`, `posts`.`description`, `posts`.`image`
FROM `posts`
JOIN `users` ON `users`.`id` = `posts`.`user_id`
JOIN `categories` ON `categories`.`id` = `posts`.`category_id`
ORDER BY `id` DESC
 LIMIT 4', [], false)
 4 SYSTEMPATH\Model.php(286): CodeIgniter\Database\BaseBuilder->get()
 5 SYSTEMPATH\BaseModel.php(676): CodeIgniter\Model->doFindAll(4, 0)
 6 APPPATH\Controllers\BannerHome.php(23): CodeIgniter\BaseModel->findAll(4)
 7 SYSTEMPATH\CodeIgniter.php(933): App\Controllers\BannerHome->index()
 8 SYSTEMPATH\CodeIgniter.php(509): CodeIgniter\CodeIgniter->runController(Object(App\Controllers\BannerHome))
 9 SYSTEMPATH\CodeIgniter.php(355): CodeIgniter\CodeIgniter->handleRequest(null, Object(Config\Cache), false)
10 SYSTEMPATH\Boot.php(325): CodeIgniter\CodeIgniter->run()
11 SYSTEMPATH\Boot.php(67): CodeIgniter\Boot::runCodeIgniter(Object(CodeIgniter\CodeIgniter))
12 FCPATH\index.php(56): CodeIgniter\Boot::bootWeb(Object(Config\Paths))
CRITICAL - 2024-08-29 17:52:07 --> [Caused by] mysqli_sql_exception: Column 'id' in order clause is ambiguous
in SYSTEMPATH\Database\MySQLi\Connection.php on line 312.
 1 SYSTEMPATH\Database\MySQLi\Connection.php(312): mysqli->query('SELECT `posts`.`title`, `posts`.`description`, `posts`.`image`
FROM `posts`
JOIN `users` ON `users`.`id` = `posts`.`user_id`
JOIN `categories` ON `categories`.`id` = `posts`.`category_id`
ORDER BY `id` DESC
 LIMIT 4', 0)
 2 SYSTEMPATH\Database\BaseConnection.php(734): CodeIgniter\Database\MySQLi\Connection->execute('SELECT `posts`.`title`, `posts`.`description`, `posts`.`image`
FROM `posts`
JOIN `users` ON `users`.`id` = `posts`.`user_id`
JOIN `categories` ON `categories`.`id` = `posts`.`category_id`
ORDER BY `id` DESC
 LIMIT 4')
 3 SYSTEMPATH\Database\BaseConnection.php(648): CodeIgniter\Database\BaseConnection->simpleQuery('SELECT `posts`.`title`, `posts`.`description`, `posts`.`image`
FROM `posts`
JOIN `users` ON `users`.`id` = `posts`.`user_id`
JOIN `categories` ON `categories`.`id` = `posts`.`category_id`
ORDER BY `id` DESC
 LIMIT 4')
 4 SYSTEMPATH\Database\BaseBuilder.php(1644): CodeIgniter\Database\BaseConnection->query('SELECT `posts`.`title`, `posts`.`description`, `posts`.`image`
FROM `posts`
JOIN `users` ON `users`.`id` = `posts`.`user_id`
JOIN `categories` ON `categories`.`id` = `posts`.`category_id`
ORDER BY `id` DESC
 LIMIT 4', [], false)
 5 SYSTEMPATH\Model.php(286): CodeIgniter\Database\BaseBuilder->get()
 6 SYSTEMPATH\BaseModel.php(676): CodeIgniter\Model->doFindAll(4, 0)
 7 APPPATH\Controllers\BannerHome.php(23): CodeIgniter\BaseModel->findAll(4)
 8 SYSTEMPATH\CodeIgniter.php(933): App\Controllers\BannerHome->index()
 9 SYSTEMPATH\CodeIgniter.php(509): CodeIgniter\CodeIgniter->runController(Object(App\Controllers\BannerHome))
10 SYSTEMPATH\CodeIgniter.php(355): CodeIgniter\CodeIgniter->handleRequest(null, Object(Config\Cache), false)
11 SYSTEMPATH\Boot.php(325): CodeIgniter\CodeIgniter->run()
12 SYSTEMPATH\Boot.php(67): CodeIgniter\Boot::runCodeIgniter(Object(CodeIgniter\CodeIgniter))
13 FCPATH\index.php(56): CodeIgniter\Boot::bootWeb(Object(Config\Paths))
ERROR - 2024-08-29 17:52:12 --> mysqli_sql_exception: Column 'id' in order clause is ambiguous in C:\projects\template-to-codeigniter-4\system\Database\MySQLi\Connection.php:312
Stack trace:
#0 C:\projects\template-to-codeigniter-4\system\Database\MySQLi\Connection.php(312): mysqli->query('SELECT `posts`....', 0)
#1 C:\projects\template-to-codeigniter-4\system\Database\BaseConnection.php(734): CodeIgniter\Database\MySQLi\Connection->execute('SELECT `posts`....')
#2 C:\projects\template-to-codeigniter-4\system\Database\BaseConnection.php(648): CodeIgniter\Database\BaseConnection->simpleQuery('SELECT `posts`....')
#3 C:\projects\template-to-codeigniter-4\system\Database\BaseBuilder.php(1644): CodeIgniter\Database\BaseConnection->query('SELECT `posts`....', Array, false)
#4 C:\projects\template-to-codeigniter-4\system\Model.php(286): CodeIgniter\Database\BaseBuilder->get()
#5 C:\projects\template-to-codeigniter-4\system\BaseModel.php(676): CodeIgniter\Model->doFindAll(4, 0)
#6 C:\projects\template-to-codeigniter-4\app\Controllers\BannerHome.php(23): CodeIgniter\BaseModel->findAll(4)
#7 C:\projects\template-to-codeigniter-4\system\CodeIgniter.php(933): App\Controllers\BannerHome->index()
#8 C:\projects\template-to-codeigniter-4\system\CodeIgniter.php(509): CodeIgniter\CodeIgniter->runController(Object(App\Controllers\BannerHome))
#9 C:\projects\template-to-codeigniter-4\system\CodeIgniter.php(355): CodeIgniter\CodeIgniter->handleRequest(NULL, Object(Config\Cache), false)
#10 C:\projects\template-to-codeigniter-4\system\Boot.php(325): CodeIgniter\CodeIgniter->run()
#11 C:\projects\template-to-codeigniter-4\system\Boot.php(67): CodeIgniter\Boot::runCodeIgniter(Object(CodeIgniter\CodeIgniter))
#12 C:\projects\template-to-codeigniter-4\public\index.php(56): CodeIgniter\Boot::bootWeb(Object(Config\Paths))
#13 {main}
CRITICAL - 2024-08-29 17:52:12 --> CodeIgniter\Database\Exceptions\DatabaseException: Column 'id' in order clause is ambiguous
[Method: GET, Route: banner/home]
in SYSTEMPATH\Database\BaseConnection.php on line 688.
 1 SYSTEMPATH\Database\BaseBuilder.php(1644): CodeIgniter\Database\BaseConnection->query('SELECT `posts`.`title`, `posts`.`description`, `posts`.`image`
FROM `posts`
JOIN `users` ON `users`.`id` = `posts`.`user_id`
JOIN `categories` ON `categories`.`id` = `posts`.`category_id`
ORDER BY `id` DESC
 LIMIT 4', [], false)
 2 SYSTEMPATH\Model.php(286): CodeIgniter\Database\BaseBuilder->get()
 3 SYSTEMPATH\BaseModel.php(676): CodeIgniter\Model->doFindAll(4, 0)
 4 APPPATH\Controllers\BannerHome.php(23): CodeIgniter\BaseModel->findAll(4)
 5 SYSTEMPATH\CodeIgniter.php(933): App\Controllers\BannerHome->index()
 6 SYSTEMPATH\CodeIgniter.php(509): CodeIgniter\CodeIgniter->runController(Object(App\Controllers\BannerHome))
 7 SYSTEMPATH\CodeIgniter.php(355): CodeIgniter\CodeIgniter->handleRequest(null, Object(Config\Cache), false)
 8 SYSTEMPATH\Boot.php(325): CodeIgniter\CodeIgniter->run()
 9 SYSTEMPATH\Boot.php(67): CodeIgniter\Boot::runCodeIgniter(Object(CodeIgniter\CodeIgniter))
10 FCPATH\index.php(56): CodeIgniter\Boot::bootWeb(Object(Config\Paths))
CRITICAL - 2024-08-29 17:52:12 --> [Caused by] CodeIgniter\Database\Exceptions\DatabaseException: Column 'id' in order clause is ambiguous
in SYSTEMPATH\Database\MySQLi\Connection.php on line 317.
 1 SYSTEMPATH\Database\BaseConnection.php(734): CodeIgniter\Database\MySQLi\Connection->execute('SELECT `posts`.`title`, `posts`.`description`, `posts`.`image`
FROM `posts`
JOIN `users` ON `users`.`id` = `posts`.`user_id`
JOIN `categories` ON `categories`.`id` = `posts`.`category_id`
ORDER BY `id` DESC
 LIMIT 4')
 2 SYSTEMPATH\Database\BaseConnection.php(648): CodeIgniter\Database\BaseConnection->simpleQuery('SELECT `posts`.`title`, `posts`.`description`, `posts`.`image`
FROM `posts`
JOIN `users` ON `users`.`id` = `posts`.`user_id`
JOIN `categories` ON `categories`.`id` = `posts`.`category_id`
ORDER BY `id` DESC
 LIMIT 4')
 3 SYSTEMPATH\Database\BaseBuilder.php(1644): CodeIgniter\Database\BaseConnection->query('SELECT `posts`.`title`, `posts`.`description`, `posts`.`image`
FROM `posts`
JOIN `users` ON `users`.`id` = `posts`.`user_id`
JOIN `categories` ON `categories`.`id` = `posts`.`category_id`
ORDER BY `id` DESC
 LIMIT 4', [], false)
 4 SYSTEMPATH\Model.php(286): CodeIgniter\Database\BaseBuilder->get()
 5 SYSTEMPATH\BaseModel.php(676): CodeIgniter\Model->doFindAll(4, 0)
 6 APPPATH\Controllers\BannerHome.php(23): CodeIgniter\BaseModel->findAll(4)
 7 SYSTEMPATH\CodeIgniter.php(933): App\Controllers\BannerHome->index()
 8 SYSTEMPATH\CodeIgniter.php(509): CodeIgniter\CodeIgniter->runController(Object(App\Controllers\BannerHome))
 9 SYSTEMPATH\CodeIgniter.php(355): CodeIgniter\CodeIgniter->handleRequest(null, Object(Config\Cache), false)
10 SYSTEMPATH\Boot.php(325): CodeIgniter\CodeIgniter->run()
11 SYSTEMPATH\Boot.php(67): CodeIgniter\Boot::runCodeIgniter(Object(CodeIgniter\CodeIgniter))
12 FCPATH\index.php(56): CodeIgniter\Boot::bootWeb(Object(Config\Paths))
CRITICAL - 2024-08-29 17:52:12 --> [Caused by] mysqli_sql_exception: Column 'id' in order clause is ambiguous
in SYSTEMPATH\Database\MySQLi\Connection.php on line 312.
 1 SYSTEMPATH\Database\MySQLi\Connection.php(312): mysqli->query('SELECT `posts`.`title`, `posts`.`description`, `posts`.`image`
FROM `posts`
JOIN `users` ON `users`.`id` = `posts`.`user_id`
JOIN `categories` ON `categories`.`id` = `posts`.`category_id`
ORDER BY `id` DESC
 LIMIT 4', 0)
 2 SYSTEMPATH\Database\BaseConnection.php(734): CodeIgniter\Database\MySQLi\Connection->execute('SELECT `posts`.`title`, `posts`.`description`, `posts`.`image`
FROM `posts`
JOIN `users` ON `users`.`id` = `posts`.`user_id`
JOIN `categories` ON `categories`.`id` = `posts`.`category_id`
ORDER BY `id` DESC
 LIMIT 4')
 3 SYSTEMPATH\Database\BaseConnection.php(648): CodeIgniter\Database\BaseConnection->simpleQuery('SELECT `posts`.`title`, `posts`.`description`, `posts`.`image`
FROM `posts`
JOIN `users` ON `users`.`id` = `posts`.`user_id`
JOIN `categories` ON `categories`.`id` = `posts`.`category_id`
ORDER BY `id` DESC
 LIMIT 4')
 4 SYSTEMPATH\Database\BaseBuilder.php(1644): CodeIgniter\Database\BaseConnection->query('SELECT `posts`.`title`, `posts`.`description`, `posts`.`image`
FROM `posts`
JOIN `users` ON `users`.`id` = `posts`.`user_id`
JOIN `categories` ON `categories`.`id` = `posts`.`category_id`
ORDER BY `id` DESC
 LIMIT 4', [], false)
 5 SYSTEMPATH\Model.php(286): CodeIgniter\Database\BaseBuilder->get()
 6 SYSTEMPATH\BaseModel.php(676): CodeIgniter\Model->doFindAll(4, 0)
 7 APPPATH\Controllers\BannerHome.php(23): CodeIgniter\BaseModel->findAll(4)
 8 SYSTEMPATH\CodeIgniter.php(933): App\Controllers\BannerHome->index()
 9 SYSTEMPATH\CodeIgniter.php(509): CodeIgniter\CodeIgniter->runController(Object(App\Controllers\BannerHome))
10 SYSTEMPATH\CodeIgniter.php(355): CodeIgniter\CodeIgniter->handleRequest(null, Object(Config\Cache), false)
11 SYSTEMPATH\Boot.php(325): CodeIgniter\CodeIgniter->run()
12 SYSTEMPATH\Boot.php(67): CodeIgniter\Boot::runCodeIgniter(Object(CodeIgniter\CodeIgniter))
13 FCPATH\index.php(56): CodeIgniter\Boot::bootWeb(Object(Config\Paths))
ERROR - 2024-08-29 17:53:45 --> mysqli_sql_exception: Column 'id' in order clause is ambiguous in C:\projects\template-to-codeigniter-4\system\Database\MySQLi\Connection.php:312
Stack trace:
#0 C:\projects\template-to-codeigniter-4\system\Database\MySQLi\Connection.php(312): mysqli->query('SELECT `posts`....', 0)
#1 C:\projects\template-to-codeigniter-4\system\Database\BaseConnection.php(734): CodeIgniter\Database\MySQLi\Connection->execute('SELECT `posts`....')
#2 C:\projects\template-to-codeigniter-4\system\Database\BaseConnection.php(648): CodeIgniter\Database\BaseConnection->simpleQuery('SELECT `posts`....')
#3 C:\projects\template-to-codeigniter-4\system\Database\BaseBuilder.php(1644): CodeIgniter\Database\BaseConnection->query('SELECT `posts`....', Array, false)
#4 C:\projects\template-to-codeigniter-4\system\Model.php(286): CodeIgniter\Database\BaseBuilder->get()
#5 C:\projects\template-to-codeigniter-4\system\BaseModel.php(676): CodeIgniter\Model->doFindAll(4, 0)
#6 C:\projects\template-to-codeigniter-4\app\Controllers\BannerHome.php(23): CodeIgniter\BaseModel->findAll(4)
#7 C:\projects\template-to-codeigniter-4\system\CodeIgniter.php(933): App\Controllers\BannerHome->index()
#8 C:\projects\template-to-codeigniter-4\system\CodeIgniter.php(509): CodeIgniter\CodeIgniter->runController(Object(App\Controllers\BannerHome))
#9 C:\projects\template-to-codeigniter-4\system\CodeIgniter.php(355): CodeIgniter\CodeIgniter->handleRequest(NULL, Object(Config\Cache), false)
#10 C:\projects\template-to-codeigniter-4\system\Boot.php(325): CodeIgniter\CodeIgniter->run()
#11 C:\projects\template-to-codeigniter-4\system\Boot.php(67): CodeIgniter\Boot::runCodeIgniter(Object(CodeIgniter\CodeIgniter))
#12 C:\projects\template-to-codeigniter-4\public\index.php(56): CodeIgniter\Boot::bootWeb(Object(Config\Paths))
#13 {main}
CRITICAL - 2024-08-29 17:53:45 --> CodeIgniter\Database\Exceptions\DatabaseException: Column 'id' in order clause is ambiguous
[Method: GET, Route: banner/home]
in SYSTEMPATH\Database\BaseConnection.php on line 688.
 1 SYSTEMPATH\Database\BaseBuilder.php(1644): CodeIgniter\Database\BaseConnection->query('SELECT `posts`.`title`, `posts`.`description`, `posts`.`image`
FROM `posts`
JOIN `users` ON `users`.`id` = `posts`.`user_id`
JOIN `categories` ON `categories`.`id` = `posts`.`category_id`
ORDER BY `id` DESC
 LIMIT 4', [], false)
 2 SYSTEMPATH\Model.php(286): CodeIgniter\Database\BaseBuilder->get()
 3 SYSTEMPATH\BaseModel.php(676): CodeIgniter\Model->doFindAll(4, 0)
 4 APPPATH\Controllers\BannerHome.php(23): CodeIgniter\BaseModel->findAll(4)
 5 SYSTEMPATH\CodeIgniter.php(933): App\Controllers\BannerHome->index()
 6 SYSTEMPATH\CodeIgniter.php(509): CodeIgniter\CodeIgniter->runController(Object(App\Controllers\BannerHome))
 7 SYSTEMPATH\CodeIgniter.php(355): CodeIgniter\CodeIgniter->handleRequest(null, Object(Config\Cache), false)
 8 SYSTEMPATH\Boot.php(325): CodeIgniter\CodeIgniter->run()
 9 SYSTEMPATH\Boot.php(67): CodeIgniter\Boot::runCodeIgniter(Object(CodeIgniter\CodeIgniter))
10 FCPATH\index.php(56): CodeIgniter\Boot::bootWeb(Object(Config\Paths))
CRITICAL - 2024-08-29 17:53:45 --> [Caused by] CodeIgniter\Database\Exceptions\DatabaseException: Column 'id' in order clause is ambiguous
in SYSTEMPATH\Database\MySQLi\Connection.php on line 317.
 1 SYSTEMPATH\Database\BaseConnection.php(734): CodeIgniter\Database\MySQLi\Connection->execute('SELECT `posts`.`title`, `posts`.`description`, `posts`.`image`
FROM `posts`
JOIN `users` ON `users`.`id` = `posts`.`user_id`
JOIN `categories` ON `categories`.`id` = `posts`.`category_id`
ORDER BY `id` DESC
 LIMIT 4')
 2 SYSTEMPATH\Database\BaseConnection.php(648): CodeIgniter\Database\BaseConnection->simpleQuery('SELECT `posts`.`title`, `posts`.`description`, `posts`.`image`
FROM `posts`
JOIN `users` ON `users`.`id` = `posts`.`user_id`
JOIN `categories` ON `categories`.`id` = `posts`.`category_id`
ORDER BY `id` DESC
 LIMIT 4')
 3 SYSTEMPATH\Database\BaseBuilder.php(1644): CodeIgniter\Database\BaseConnection->query('SELECT `posts`.`title`, `posts`.`description`, `posts`.`image`
FROM `posts`
JOIN `users` ON `users`.`id` = `posts`.`user_id`
JOIN `categories` ON `categories`.`id` = `posts`.`category_id`
ORDER BY `id` DESC
 LIMIT 4', [], false)
 4 SYSTEMPATH\Model.php(286): CodeIgniter\Database\BaseBuilder->get()
 5 SYSTEMPATH\BaseModel.php(676): CodeIgniter\Model->doFindAll(4, 0)
 6 APPPATH\Controllers\BannerHome.php(23): CodeIgniter\BaseModel->findAll(4)
 7 SYSTEMPATH\CodeIgniter.php(933): App\Controllers\BannerHome->index()
 8 SYSTEMPATH\CodeIgniter.php(509): CodeIgniter\CodeIgniter->runController(Object(App\Controllers\BannerHome))
 9 SYSTEMPATH\CodeIgniter.php(355): CodeIgniter\CodeIgniter->handleRequest(null, Object(Config\Cache), false)
10 SYSTEMPATH\Boot.php(325): CodeIgniter\CodeIgniter->run()
11 SYSTEMPATH\Boot.php(67): CodeIgniter\Boot::runCodeIgniter(Object(CodeIgniter\CodeIgniter))
12 FCPATH\index.php(56): CodeIgniter\Boot::bootWeb(Object(Config\Paths))
CRITICAL - 2024-08-29 17:53:45 --> [Caused by] mysqli_sql_exception: Column 'id' in order clause is ambiguous
in SYSTEMPATH\Database\MySQLi\Connection.php on line 312.
 1 SYSTEMPATH\Database\MySQLi\Connection.php(312): mysqli->query('SELECT `posts`.`title`, `posts`.`description`, `posts`.`image`
FROM `posts`
JOIN `users` ON `users`.`id` = `posts`.`user_id`
JOIN `categories` ON `categories`.`id` = `posts`.`category_id`
ORDER BY `id` DESC
 LIMIT 4', 0)
 2 SYSTEMPATH\Database\BaseConnection.php(734): CodeIgniter\Database\MySQLi\Connection->execute('SELECT `posts`.`title`, `posts`.`description`, `posts`.`image`
FROM `posts`
JOIN `users` ON `users`.`id` = `posts`.`user_id`
JOIN `categories` ON `categories`.`id` = `posts`.`category_id`
ORDER BY `id` DESC
 LIMIT 4')
 3 SYSTEMPATH\Database\BaseConnection.php(648): CodeIgniter\Database\BaseConnection->simpleQuery('SELECT `posts`.`title`, `posts`.`description`, `posts`.`image`
FROM `posts`
JOIN `users` ON `users`.`id` = `posts`.`user_id`
JOIN `categories` ON `categories`.`id` = `posts`.`category_id`
ORDER BY `id` DESC
 LIMIT 4')
 4 SYSTEMPATH\Database\BaseBuilder.php(1644): CodeIgniter\Database\BaseConnection->query('SELECT `posts`.`title`, `posts`.`description`, `posts`.`image`
FROM `posts`
JOIN `users` ON `users`.`id` = `posts`.`user_id`
JOIN `categories` ON `categories`.`id` = `posts`.`category_id`
ORDER BY `id` DESC
 LIMIT 4', [], false)
 5 SYSTEMPATH\Model.php(286): CodeIgniter\Database\BaseBuilder->get()
 6 SYSTEMPATH\BaseModel.php(676): CodeIgniter\Model->doFindAll(4, 0)
 7 APPPATH\Controllers\BannerHome.php(23): CodeIgniter\BaseModel->findAll(4)
 8 SYSTEMPATH\CodeIgniter.php(933): App\Controllers\BannerHome->index()
 9 SYSTEMPATH\CodeIgniter.php(509): CodeIgniter\CodeIgniter->runController(Object(App\Controllers\BannerHome))
10 SYSTEMPATH\CodeIgniter.php(355): CodeIgniter\CodeIgniter->handleRequest(null, Object(Config\Cache), false)
11 SYSTEMPATH\Boot.php(325): CodeIgniter\CodeIgniter->run()
12 SYSTEMPATH\Boot.php(67): CodeIgniter\Boot::runCodeIgniter(Object(CodeIgniter\CodeIgniter))
13 FCPATH\index.php(56): CodeIgniter\Boot::bootWeb(Object(Config\Paths))
ERROR - 2024-08-29 17:53:52 --> mysqli_sql_exception: Column 'id' in order clause is ambiguous in C:\projects\template-to-codeigniter-4\system\Database\MySQLi\Connection.php:312
Stack trace:
#0 C:\projects\template-to-codeigniter-4\system\Database\MySQLi\Connection.php(312): mysqli->query('SELECT `posts`....', 0)
#1 C:\projects\template-to-codeigniter-4\system\Database\BaseConnection.php(734): CodeIgniter\Database\MySQLi\Connection->execute('SELECT `posts`....')
#2 C:\projects\template-to-codeigniter-4\system\Database\BaseConnection.php(648): CodeIgniter\Database\BaseConnection->simpleQuery('SELECT `posts`....')
#3 C:\projects\template-to-codeigniter-4\system\Database\BaseBuilder.php(1644): CodeIgniter\Database\BaseConnection->query('SELECT `posts`....', Array, false)
#4 C:\projects\template-to-codeigniter-4\system\Model.php(286): CodeIgniter\Database\BaseBuilder->get()
#5 C:\projects\template-to-codeigniter-4\system\BaseModel.php(676): CodeIgniter\Model->doFindAll(4, 0)
#6 C:\projects\template-to-codeigniter-4\app\Controllers\BannerHome.php(23): CodeIgniter\BaseModel->findAll(4)
#7 C:\projects\template-to-codeigniter-4\system\CodeIgniter.php(933): App\Controllers\BannerHome->index()
#8 C:\projects\template-to-codeigniter-4\system\CodeIgniter.php(509): CodeIgniter\CodeIgniter->runController(Object(App\Controllers\BannerHome))
#9 C:\projects\template-to-codeigniter-4\system\CodeIgniter.php(355): CodeIgniter\CodeIgniter->handleRequest(NULL, Object(Config\Cache), false)
#10 C:\projects\template-to-codeigniter-4\system\Boot.php(325): CodeIgniter\CodeIgniter->run()
#11 C:\projects\template-to-codeigniter-4\system\Boot.php(67): CodeIgniter\Boot::runCodeIgniter(Object(CodeIgniter\CodeIgniter))
#12 C:\projects\template-to-codeigniter-4\public\index.php(56): CodeIgniter\Boot::bootWeb(Object(Config\Paths))
#13 {main}
CRITICAL - 2024-08-29 17:53:52 --> CodeIgniter\Database\Exceptions\DatabaseException: Column 'id' in order clause is ambiguous
[Method: GET, Route: banner/home]
in SYSTEMPATH\Database\BaseConnection.php on line 688.
 1 SYSTEMPATH\Database\BaseBuilder.php(1644): CodeIgniter\Database\BaseConnection->query('SELECT `posts`.`title`, `posts`.`description`, `posts`.`image`
FROM `posts`
JOIN `users` ON `users`.`id` = `posts`.`user_id`
JOIN `categories` ON `categories`.`id` = `posts`.`category_id`
ORDER BY `id` DESC
 LIMIT 4', [], false)
 2 SYSTEMPATH\Model.php(286): CodeIgniter\Database\BaseBuilder->get()
 3 SYSTEMPATH\BaseModel.php(676): CodeIgniter\Model->doFindAll(4, 0)
 4 APPPATH\Controllers\BannerHome.php(23): CodeIgniter\BaseModel->findAll(4)
 5 SYSTEMPATH\CodeIgniter.php(933): App\Controllers\BannerHome->index()
 6 SYSTEMPATH\CodeIgniter.php(509): CodeIgniter\CodeIgniter->runController(Object(App\Controllers\BannerHome))
 7 SYSTEMPATH\CodeIgniter.php(355): CodeIgniter\CodeIgniter->handleRequest(null, Object(Config\Cache), false)
 8 SYSTEMPATH\Boot.php(325): CodeIgniter\CodeIgniter->run()
 9 SYSTEMPATH\Boot.php(67): CodeIgniter\Boot::runCodeIgniter(Object(CodeIgniter\CodeIgniter))
10 FCPATH\index.php(56): CodeIgniter\Boot::bootWeb(Object(Config\Paths))
CRITICAL - 2024-08-29 17:53:52 --> [Caused by] CodeIgniter\Database\Exceptions\DatabaseException: Column 'id' in order clause is ambiguous
in SYSTEMPATH\Database\MySQLi\Connection.php on line 317.
 1 SYSTEMPATH\Database\BaseConnection.php(734): CodeIgniter\Database\MySQLi\Connection->execute('SELECT `posts`.`title`, `posts`.`description`, `posts`.`image`
FROM `posts`
JOIN `users` ON `users`.`id` = `posts`.`user_id`
JOIN `categories` ON `categories`.`id` = `posts`.`category_id`
ORDER BY `id` DESC
 LIMIT 4')
 2 SYSTEMPATH\Database\BaseConnection.php(648): CodeIgniter\Database\BaseConnection->simpleQuery('SELECT `posts`.`title`, `posts`.`description`, `posts`.`image`
FROM `posts`
JOIN `users` ON `users`.`id` = `posts`.`user_id`
JOIN `categories` ON `categories`.`id` = `posts`.`category_id`
ORDER BY `id` DESC
 LIMIT 4')
 3 SYSTEMPATH\Database\BaseBuilder.php(1644): CodeIgniter\Database\BaseConnection->query('SELECT `posts`.`title`, `posts`.`description`, `posts`.`image`
FROM `posts`
JOIN `users` ON `users`.`id` = `posts`.`user_id`
JOIN `categories` ON `categories`.`id` = `posts`.`category_id`
ORDER BY `id` DESC
 LIMIT 4', [], false)
 4 SYSTEMPATH\Model.php(286): CodeIgniter\Database\BaseBuilder->get()
 5 SYSTEMPATH\BaseModel.php(676): CodeIgniter\Model->doFindAll(4, 0)
 6 APPPATH\Controllers\BannerHome.php(23): CodeIgniter\BaseModel->findAll(4)
 7 SYSTEMPATH\CodeIgniter.php(933): App\Controllers\BannerHome->index()
 8 SYSTEMPATH\CodeIgniter.php(509): CodeIgniter\CodeIgniter->runController(Object(App\Controllers\BannerHome))
 9 SYSTEMPATH\CodeIgniter.php(355): CodeIgniter\CodeIgniter->handleRequest(null, Object(Config\Cache), false)
10 SYSTEMPATH\Boot.php(325): CodeIgniter\CodeIgniter->run()
11 SYSTEMPATH\Boot.php(67): CodeIgniter\Boot::runCodeIgniter(Object(CodeIgniter\CodeIgniter))
12 FCPATH\index.php(56): CodeIgniter\Boot::bootWeb(Object(Config\Paths))
CRITICAL - 2024-08-29 17:53:52 --> [Caused by] mysqli_sql_exception: Column 'id' in order clause is ambiguous
in SYSTEMPATH\Database\MySQLi\Connection.php on line 312.
 1 SYSTEMPATH\Database\MySQLi\Connection.php(312): mysqli->query('SELECT `posts`.`title`, `posts`.`description`, `posts`.`image`
FROM `posts`
JOIN `users` ON `users`.`id` = `posts`.`user_id`
JOIN `categories` ON `categories`.`id` = `posts`.`category_id`
ORDER BY `id` DESC
 LIMIT 4', 0)
 2 SYSTEMPATH\Database\BaseConnection.php(734): CodeIgniter\Database\MySQLi\Connection->execute('SELECT `posts`.`title`, `posts`.`description`, `posts`.`image`
FROM `posts`
JOIN `users` ON `users`.`id` = `posts`.`user_id`
JOIN `categories` ON `categories`.`id` = `posts`.`category_id`
ORDER BY `id` DESC
 LIMIT 4')
 3 SYSTEMPATH\Database\BaseConnection.php(648): CodeIgniter\Database\BaseConnection->simpleQuery('SELECT `posts`.`title`, `posts`.`description`, `posts`.`image`
FROM `posts`
JOIN `users` ON `users`.`id` = `posts`.`user_id`
JOIN `categories` ON `categories`.`id` = `posts`.`category_id`
ORDER BY `id` DESC
 LIMIT 4')
 4 SYSTEMPATH\Database\BaseBuilder.php(1644): CodeIgniter\Database\BaseConnection->query('SELECT `posts`.`title`, `posts`.`description`, `posts`.`image`
FROM `posts`
JOIN `users` ON `users`.`id` = `posts`.`user_id`
JOIN `categories` ON `categories`.`id` = `posts`.`category_id`
ORDER BY `id` DESC
 LIMIT 4', [], false)
 5 SYSTEMPATH\Model.php(286): CodeIgniter\Database\BaseBuilder->get()
 6 SYSTEMPATH\BaseModel.php(676): CodeIgniter\Model->doFindAll(4, 0)
 7 APPPATH\Controllers\BannerHome.php(23): CodeIgniter\BaseModel->findAll(4)
 8 SYSTEMPATH\CodeIgniter.php(933): App\Controllers\BannerHome->index()
 9 SYSTEMPATH\CodeIgniter.php(509): CodeIgniter\CodeIgniter->runController(Object(App\Controllers\BannerHome))
10 SYSTEMPATH\CodeIgniter.php(355): CodeIgniter\CodeIgniter->handleRequest(null, Object(Config\Cache), false)
11 SYSTEMPATH\Boot.php(325): CodeIgniter\CodeIgniter->run()
12 SYSTEMPATH\Boot.php(67): CodeIgniter\Boot::runCodeIgniter(Object(CodeIgniter\CodeIgniter))
13 FCPATH\index.php(56): CodeIgniter\Boot::bootWeb(Object(Config\Paths))
CRITICAL - 2024-08-29 18:15:51 --> ErrorException: Undefined variable $recents
[Method: GET, Route: banner/home]
in APPPATH\Views\_partials\_bannerHome.php on line 6.
 1 APPPATH\Views\_partials\_bannerHome.php(6): CodeIgniter\Debug\Exceptions->errorHandler(2, 'Undefined variable $recents', 'C:\\projects\\template-to-codeigniter-4\\app\\Views\\_partials\\_bannerHome.php', 6)
 2 SYSTEMPATH\View\View.php(234): include('C:\\projects\\template-to-codeigniter-4\\app\\Views\\_partials\\_bannerHome.php')
 3 SYSTEMPATH\View\View.php(237): CodeIgniter\View\View->CodeIgniter\View\{closure}()
 4 SYSTEMPATH\Common.php(1169): CodeIgniter\View\View->render('_partials/_bannerHome', [], true)
 5 APPPATH\Controllers\BannerHome.php(24): view('_partials/_bannerHome', [...])
 6 SYSTEMPATH\CodeIgniter.php(933): App\Controllers\BannerHome->index()
 7 SYSTEMPATH\CodeIgniter.php(509): CodeIgniter\CodeIgniter->runController(Object(App\Controllers\BannerHome))
 8 SYSTEMPATH\CodeIgniter.php(355): CodeIgniter\CodeIgniter->handleRequest(null, Object(Config\Cache), false)
 9 SYSTEMPATH\Boot.php(325): CodeIgniter\CodeIgniter->run()
10 SYSTEMPATH\Boot.php(67): CodeIgniter\Boot::runCodeIgniter(Object(CodeIgniter\CodeIgniter))
11 FCPATH\index.php(56): CodeIgniter\Boot::bootWeb(Object(Config\Paths))
CRITICAL - 2024-08-29 18:17:17 --> ErrorException: Undefined property: stdClass::$descriptiom
[Method: GET, Route: banner/home]
in APPPATH\Views\_partials\_bannerHome.php on line 11.
 1 APPPATH\Views\_partials\_bannerHome.php(11): CodeIgniter\Debug\Exceptions->errorHandler(2, 'Undefined property: stdClass::$descriptiom', 'C:\\projects\\template-to-codeigniter-4\\app\\Views\\_partials\\_bannerHome.php', 11)
 2 SYSTEMPATH\View\View.php(234): include('C:\\projects\\template-to-codeigniter-4\\app\\Views\\_partials\\_bannerHome.php')
 3 SYSTEMPATH\View\View.php(237): CodeIgniter\View\View->CodeIgniter\View\{closure}()
 4 SYSTEMPATH\Common.php(1169): CodeIgniter\View\View->render('_partials/_bannerHome', [], true)
 5 APPPATH\Controllers\BannerHome.php(24): view('_partials/_bannerHome', [...])
 6 SYSTEMPATH\CodeIgniter.php(933): App\Controllers\BannerHome->index()
 7 SYSTEMPATH\CodeIgniter.php(509): CodeIgniter\CodeIgniter->runController(Object(App\Controllers\BannerHome))
 8 SYSTEMPATH\CodeIgniter.php(355): CodeIgniter\CodeIgniter->handleRequest(null, Object(Config\Cache), false)
 9 SYSTEMPATH\Boot.php(325): CodeIgniter\CodeIgniter->run()
10 SYSTEMPATH\Boot.php(67): CodeIgniter\Boot::runCodeIgniter(Object(CodeIgniter\CodeIgniter))
11 FCPATH\index.php(56): CodeIgniter\Boot::bootWeb(Object(Config\Paths))
