CRITICAL - 2024-08-30 17:23:55 --> CodeIgniter\View\Exceptions\ViewException: Unable to locate view cell class: "App\Celss\Category".
[Method: GET, Route: /]
in SYSTEMPATH\View\Cell.php on line 190.
 1 SYSTEMPATH\View\Cell.php(190): CodeIgniter\View\Exceptions\ViewException::forInvalidCellClass('App\\Celss\\Category')
 2 SYSTEMPATH\View\Cell.php(80): CodeIgniter\View\Cell->determineClass('App\\Celss\\Category:render')
 3 SYSTEMPATH\Common.php(1185): CodeIgniter\View\Cell->render('App\\Celss\\Category::render', null, 0, null)
 4 APPPATH\Views\partials\header.php(16): view_cell('App\\Celss\\Category::render')
 5 SYSTEMPATH\View\View.php(234): include('C:\\projects\\template-to-codeigniter-4\\app\\Views\\partials\\header.php')
 6 SYSTEMPATH\View\View.php(237): CodeIgniter\View\View->CodeIgniter\View\{closure}()
 7 SYSTEMPATH\View\View.php(487): CodeIgniter\View\View->render('partials/header', null, true)
 8 APPPATH\Views\master.php(44): CodeIgniter\View\View->include('partials/header')
 9 SYSTEMPATH\View\View.php(234): include('C:\\projects\\template-to-codeigniter-4\\app\\Views\\master.php')
10 SYSTEMPATH\View\View.php(237): CodeIgniter\View\View->CodeIgniter\View\{closure}()
11 SYSTEMPATH\View\View.php(250): CodeIgniter\View\View->render('master', [], true)
12 SYSTEMPATH\Common.php(1169): CodeIgniter\View\View->render('home', [], true)
13 APPPATH\Controllers\Home.php(14): view('home', [...])
14 SYSTEMPATH\CodeIgniter.php(933): App\Controllers\Home->index()
15 SYSTEMPATH\CodeIgniter.php(509): CodeIgniter\CodeIgniter->runController(Object(App\Controllers\Home))
16 SYSTEMPATH\CodeIgniter.php(355): CodeIgniter\CodeIgniter->handleRequest(null, Object(Config\Cache), false)
17 SYSTEMPATH\Boot.php(325): CodeIgniter\CodeIgniter->run()
18 SYSTEMPATH\Boot.php(67): CodeIgniter\Boot::runCodeIgniter(Object(CodeIgniter\CodeIgniter))
19 FCPATH\index.php(56): CodeIgniter\Boot::bootWeb(Object(Config\Paths))
CRITICAL - 2024-08-30 17:24:11 --> CodeIgniter\View\Exceptions\ViewException: Unable to locate view cell class: "App\Cells\Category".
[Method: GET, Route: /]
in SYSTEMPATH\View\Cell.php on line 190.
 1 SYSTEMPATH\View\Cell.php(190): CodeIgniter\View\Exceptions\ViewException::forInvalidCellClass('App\\Cells\\Category')
 2 SYSTEMPATH\View\Cell.php(80): CodeIgniter\View\Cell->determineClass('App\\Cells\\Category:render')
 3 SYSTEMPATH\Common.php(1185): CodeIgniter\View\Cell->render('App\\Cells\\Category::render', null, 0, null)
 4 APPPATH\Views\partials\header.php(16): view_cell('App\\Cells\\Category::render')
 5 SYSTEMPATH\View\View.php(234): include('C:\\projects\\template-to-codeigniter-4\\app\\Views\\partials\\header.php')
 6 SYSTEMPATH\View\View.php(237): CodeIgniter\View\View->CodeIgniter\View\{closure}()
 7 SYSTEMPATH\View\View.php(487): CodeIgniter\View\View->render('partials/header', null, true)
 8 APPPATH\Views\master.php(44): CodeIgniter\View\View->include('partials/header')
 9 SYSTEMPATH\View\View.php(234): include('C:\\projects\\template-to-codeigniter-4\\app\\Views\\master.php')
10 SYSTEMPATH\View\View.php(237): CodeIgniter\View\View->CodeIgniter\View\{closure}()
11 SYSTEMPATH\View\View.php(250): CodeIgniter\View\View->render('master', [], true)
12 SYSTEMPATH\Common.php(1169): CodeIgniter\View\View->render('home', [], true)
13 APPPATH\Controllers\Home.php(14): view('home', [...])
14 SYSTEMPATH\CodeIgniter.php(933): App\Controllers\Home->index()
15 SYSTEMPATH\CodeIgniter.php(509): CodeIgniter\CodeIgniter->runController(Object(App\Controllers\Home))
16 SYSTEMPATH\CodeIgniter.php(355): CodeIgniter\CodeIgniter->handleRequest(null, Object(Config\Cache), false)
17 SYSTEMPATH\Boot.php(325): CodeIgniter\CodeIgniter->run()
18 SYSTEMPATH\Boot.php(67): CodeIgniter\Boot::runCodeIgniter(Object(CodeIgniter\CodeIgniter))
19 FCPATH\index.php(56): CodeIgniter\Boot::bootWeb(Object(Config\Paths))
CRITICAL - 2024-08-30 17:24:16 --> CodeIgniter\View\Exceptions\ViewException: Unable to locate view cell class: "App\Cells\Category".
[Method: GET, Route: /]
in SYSTEMPATH\View\Cell.php on line 190.
 1 SYSTEMPATH\View\Cell.php(190): CodeIgniter\View\Exceptions\ViewException::forInvalidCellClass('App\\Cells\\Category')
 2 SYSTEMPATH\View\Cell.php(80): CodeIgniter\View\Cell->determineClass('App\\Cells\\Category:render')
 3 SYSTEMPATH\Common.php(1185): CodeIgniter\View\Cell->render('App\\Cells\\Category::render', null, 0, null)
 4 APPPATH\Views\partials\header.php(16): view_cell('App\\Cells\\Category::render')
 5 SYSTEMPATH\View\View.php(234): include('C:\\projects\\template-to-codeigniter-4\\app\\Views\\partials\\header.php')
 6 SYSTEMPATH\View\View.php(237): CodeIgniter\View\View->CodeIgniter\View\{closure}()
 7 SYSTEMPATH\View\View.php(487): CodeIgniter\View\View->render('partials/header', null, true)
 8 APPPATH\Views\master.php(44): CodeIgniter\View\View->include('partials/header')
 9 SYSTEMPATH\View\View.php(234): include('C:\\projects\\template-to-codeigniter-4\\app\\Views\\master.php')
10 SYSTEMPATH\View\View.php(237): CodeIgniter\View\View->CodeIgniter\View\{closure}()
11 SYSTEMPATH\View\View.php(250): CodeIgniter\View\View->render('master', [], true)
12 SYSTEMPATH\Common.php(1169): CodeIgniter\View\View->render('home', [], true)
13 APPPATH\Controllers\Home.php(14): view('home', [...])
14 SYSTEMPATH\CodeIgniter.php(933): App\Controllers\Home->index()
15 SYSTEMPATH\CodeIgniter.php(509): CodeIgniter\CodeIgniter->runController(Object(App\Controllers\Home))
16 SYSTEMPATH\CodeIgniter.php(355): CodeIgniter\CodeIgniter->handleRequest(null, Object(Config\Cache), false)
17 SYSTEMPATH\Boot.php(325): CodeIgniter\CodeIgniter->run()
18 SYSTEMPATH\Boot.php(67): CodeIgniter\Boot::runCodeIgniter(Object(CodeIgniter\CodeIgniter))
19 FCPATH\index.php(56): CodeIgniter\Boot::bootWeb(Object(Config\Paths))
