CRITICAL - 2024-08-21 15:44:16 --> CodeIgniter\View\Exceptions\ViewException: Invalid file: "_placeholders/recent.php"
[Method: GET, Route: /]
in SYSTEMPATH\Exceptions\FrameworkException.php on line 41.
 1 SYSTEMPATH\View\View.php(222): CodeIgniter\Exceptions\FrameworkException::forInvalidFile('_placeholders/recent.php')
 2 SYSTEMPATH\View\View.php(487): CodeIgniter\View\View->render('_placeholders/recent', null, true)
 3 APPPATH\Views\home.php(17): CodeIgniter\View\View->include('_placeholders/recent')
 4 SYSTEMPATH\View\View.php(234): include('C:\\projects\\template-to-codeigniter-4\\app\\Views\\home.php')
 5 SYSTEMPATH\View\View.php(237): CodeIgniter\View\View->CodeIgniter\View\{closure}()
 6 SYSTEMPATH\Common.php(1169): CodeIgniter\View\View->render('home', [], true)
 7 APPPATH\Controllers\Home.php(9): view('home', [...])
 8 SYSTEMPATH\CodeIgniter.php(933): App\Controllers\Home->index()
 9 SYSTEMPATH\CodeIgniter.php(509): CodeIgniter\CodeIgniter->runController(Object(App\Controllers\Home))
10 SYSTEMPATH\CodeIgniter.php(355): CodeIgniter\CodeIgniter->handleRequest(null, Object(Config\Cache), false)
11 SYSTEMPATH\Boot.php(325): CodeIgniter\CodeIgniter->run()
12 SYSTEMPATH\Boot.php(67): CodeIgniter\Boot::runCodeIgniter(Object(CodeIgniter\CodeIgniter))
13 FCPATH\index.php(56): CodeIgniter\Boot::bootWeb(Object(Config\Paths))
CRITICAL - 2024-08-21 15:44:41 --> CodeIgniter\View\Exceptions\ViewException: Invalid file: "_placeholders/recent.php"
[Method: GET, Route: /]
in SYSTEMPATH\Exceptions\FrameworkException.php on line 41.
 1 SYSTEMPATH\View\View.php(222): CodeIgniter\Exceptions\FrameworkException::forInvalidFile('_placeholders/recent.php')
 2 SYSTEMPATH\View\View.php(487): CodeIgniter\View\View->render('_placeholders/recent', null, true)
 3 APPPATH\Views\home.php(17): CodeIgniter\View\View->include('_placeholders/recent')
 4 SYSTEMPATH\View\View.php(234): include('C:\\projects\\template-to-codeigniter-4\\app\\Views\\home.php')
 5 SYSTEMPATH\View\View.php(237): CodeIgniter\View\View->CodeIgniter\View\{closure}()
 6 SYSTEMPATH\Common.php(1169): CodeIgniter\View\View->render('home', [], true)
 7 APPPATH\Controllers\Home.php(9): view('home', [...])
 8 SYSTEMPATH\CodeIgniter.php(933): App\Controllers\Home->index()
 9 SYSTEMPATH\CodeIgniter.php(509): CodeIgniter\CodeIgniter->runController(Object(App\Controllers\Home))
10 SYSTEMPATH\CodeIgniter.php(355): CodeIgniter\CodeIgniter->handleRequest(null, Object(Config\Cache), false)
11 SYSTEMPATH\Boot.php(325): CodeIgniter\CodeIgniter->run()
12 SYSTEMPATH\Boot.php(67): CodeIgniter\Boot::runCodeIgniter(Object(CodeIgniter\CodeIgniter))
13 FCPATH\index.php(56): CodeIgniter\Boot::bootWeb(Object(Config\Paths))
CRITICAL - 2024-08-21 16:00:10 --> ErrorException: Undefined variable $recent
[Method: GET, Route: recent]
in APPPATH\Views\_partials\_recent.php on line 4.
 1 APPPATH\Views\_partials\_recent.php(4): CodeIgniter\Debug\Exceptions->errorHandler(2, 'Undefined variable $recent', 'C:\\projects\\template-to-codeigniter-4\\app\\Views\\_partials\\_recent.php', 4)
 2 SYSTEMPATH\View\View.php(234): include('C:\\projects\\template-to-codeigniter-4\\app\\Views\\_partials\\_recent.php')
 3 SYSTEMPATH\View\View.php(237): CodeIgniter\View\View->CodeIgniter\View\{closure}()
 4 SYSTEMPATH\Common.php(1169): CodeIgniter\View\View->render('_partials/_recent.php', [], true)
 5 APPPATH\Controllers\Recent.php(12): view('_partials/_recent.php')
 6 SYSTEMPATH\CodeIgniter.php(933): App\Controllers\Recent->index()
 7 SYSTEMPATH\CodeIgniter.php(509): CodeIgniter\CodeIgniter->runController(Object(App\Controllers\Recent))
 8 SYSTEMPATH\CodeIgniter.php(355): CodeIgniter\CodeIgniter->handleRequest(null, Object(Config\Cache), false)
 9 SYSTEMPATH\Boot.php(325): CodeIgniter\CodeIgniter->run()
10 SYSTEMPATH\Boot.php(67): CodeIgniter\Boot::runCodeIgniter(Object(CodeIgniter\CodeIgniter))
11 FCPATH\index.php(56): CodeIgniter\Boot::bootWeb(Object(Config\Paths))
CRITICAL - 2024-08-21 16:07:58 --> ErrorException: Undefined variable $recent
[Method: GET, Route: /]
in APPPATH\Views\_placeholders\_recent.php on line 4.
 1 APPPATH\Views\_placeholders\_recent.php(4): CodeIgniter\Debug\Exceptions->errorHandler(2, 'Undefined variable $recent', 'C:\\projects\\template-to-codeigniter-4\\app\\Views\\_placeholders\\_recent.php', 4)
 2 SYSTEMPATH\View\View.php(234): include('C:\\projects\\template-to-codeigniter-4\\app\\Views\\_placeholders\\_recent.php')
 3 SYSTEMPATH\View\View.php(237): CodeIgniter\View\View->CodeIgniter\View\{closure}()
 4 SYSTEMPATH\View\View.php(487): CodeIgniter\View\View->render('_placeholders/_recent', null, true)
 5 APPPATH\Views\home.php(17): CodeIgniter\View\View->include('_placeholders/_recent')
 6 SYSTEMPATH\View\View.php(234): include('C:\\projects\\template-to-codeigniter-4\\app\\Views\\home.php')
 7 SYSTEMPATH\View\View.php(237): CodeIgniter\View\View->CodeIgniter\View\{closure}()
 8 SYSTEMPATH\Common.php(1169): CodeIgniter\View\View->render('home', [], true)
 9 APPPATH\Controllers\Home.php(9): view('home', [...])
10 SYSTEMPATH\CodeIgniter.php(933): App\Controllers\Home->index()
11 SYSTEMPATH\CodeIgniter.php(509): CodeIgniter\CodeIgniter->runController(Object(App\Controllers\Home))
12 SYSTEMPATH\CodeIgniter.php(355): CodeIgniter\CodeIgniter->handleRequest(null, Object(Config\Cache), false)
13 SYSTEMPATH\Boot.php(325): CodeIgniter\CodeIgniter->run()
14 SYSTEMPATH\Boot.php(67): CodeIgniter\Boot::runCodeIgniter(Object(CodeIgniter\CodeIgniter))
15 FCPATH\index.php(56): CodeIgniter\Boot::bootWeb(Object(Config\Paths))
