CRITICAL - 2024-09-13 17:52:25 --> ErrorException: Attempt to read property "id" on null
[Method: GET, Route: category/sidebar/partials/popular]
in APPPATH\Controllers\Category.php on line 29.
 1 APPPATH\Controllers\Category.php(29): CodeIgniter\Debug\Exceptions->errorHandler(2, 'Attempt to read property "id" on null', 'C:\\projects\\template-to-codeigniter-4\\app\\Controllers\\Category.php', 29)
 2 SYSTEMPATH\CodeIgniter.php(933): App\Controllers\Category->index('sidebar', 'partials', 'popular')
 3 SYSTEMPATH\CodeIgniter.php(509): CodeIgniter\CodeIgniter->runController(Object(App\Controllers\Category))
 4 SYSTEMPATH\CodeIgniter.php(355): CodeIgniter\CodeIgniter->handleRequest(null, Object(Config\Cache), false)
 5 SYSTEMPATH\Boot.php(325): CodeIgniter\CodeIgniter->run()
 6 SYSTEMPATH\Boot.php(67): CodeIgniter\Boot::runCodeIgniter(Object(CodeIgniter\CodeIgniter))
 7 FCPATH\index.php(56): CodeIgniter\Boot::bootWeb(Object(Config\Paths))
CRITICAL - 2024-09-13 17:52:25 --> ErrorException: Attempt to read property "id" on null
[Method: GET, Route: category/sidebar/partials/popular]
in APPPATH\Controllers\Category.php on line 29.
 1 APPPATH\Controllers\Category.php(29): CodeIgniter\Debug\Exceptions->errorHandler(2, 'Attempt to read property "id" on null', 'C:\\projects\\template-to-codeigniter-4\\app\\Controllers\\Category.php', 29)
 2 SYSTEMPATH\CodeIgniter.php(933): App\Controllers\Category->index('sidebar', 'partials', 'popular')
 3 SYSTEMPATH\CodeIgniter.php(509): CodeIgniter\CodeIgniter->runController(Object(App\Controllers\Category))
 4 SYSTEMPATH\CodeIgniter.php(355): CodeIgniter\CodeIgniter->handleRequest(null, Object(Config\Cache), false)
 5 SYSTEMPATH\Boot.php(325): CodeIgniter\CodeIgniter->run()
 6 SYSTEMPATH\Boot.php(67): CodeIgniter\Boot::runCodeIgniter(Object(CodeIgniter\CodeIgniter))
 7 FCPATH\index.php(56): CodeIgniter\Boot::bootWeb(Object(Config\Paths))
CRITICAL - 2024-09-13 17:52:25 --> ErrorException: Attempt to read property "id" on null
[Method: GET, Route: category/sidebar/partials/popular]
in APPPATH\Controllers\Category.php on line 29.
 1 APPPATH\Controllers\Category.php(29): CodeIgniter\Debug\Exceptions->errorHandler(2, 'Attempt to read property "id" on null', 'C:\\projects\\template-to-codeigniter-4\\app\\Controllers\\Category.php', 29)
 2 SYSTEMPATH\CodeIgniter.php(933): App\Controllers\Category->index('sidebar', 'partials', 'popular')
 3 SYSTEMPATH\CodeIgniter.php(509): CodeIgniter\CodeIgniter->runController(Object(App\Controllers\Category))
 4 SYSTEMPATH\CodeIgniter.php(355): CodeIgniter\CodeIgniter->handleRequest(null, Object(Config\Cache), false)
 5 SYSTEMPATH\Boot.php(325): CodeIgniter\CodeIgniter->run()
 6 SYSTEMPATH\Boot.php(67): CodeIgniter\Boot::runCodeIgniter(Object(CodeIgniter\CodeIgniter))
 7 FCPATH\index.php(56): CodeIgniter\Boot::bootWeb(Object(Config\Paths))
